2025-02-04 20:04:06,094 INFO o.a.j.u.JMeterUtils: Setting Locale to en_US
2025-02-04 20:04:06,127 INFO o.a.j.JMeter: Loading user properties from: /home/marco/apache-jmeter-5.6.3/bin/user.properties
2025-02-04 20:04:06,128 INFO o.a.j.JMeter: Loading system properties from: /home/marco/apache-jmeter-5.6.3/bin/system.properties
2025-02-04 20:04:06,137 INFO o.a.j.JMeter: Copyright (c) 1998-2024 The Apache Software Foundation
2025-02-04 20:04:06,137 INFO o.a.j.JMeter: Version 5.6.3
2025-02-04 20:04:06,137 INFO o.a.j.JMeter: java.version=21.0.5
2025-02-04 20:04:06,137 INFO o.a.j.JMeter: java.vm.name=OpenJDK 64-Bit Server VM
2025-02-04 20:04:06,137 INFO o.a.j.JMeter: os.name=Linux
2025-02-04 20:04:06,137 INFO o.a.j.JMeter: os.arch=amd64
2025-02-04 20:04:06,137 INFO o.a.j.JMeter: os.version=6.8.0-52-generic
2025-02-04 20:04:06,138 INFO o.a.j.JMeter: file.encoding=UTF-8
2025-02-04 20:04:06,138 INFO o.a.j.JMeter: java.awt.headless=null
2025-02-04 20:04:06,138 INFO o.a.j.JMeter: Max memory     =3112173568
2025-02-04 20:04:06,138 INFO o.a.j.JMeter: Available Processors =4
2025-02-04 20:04:06,154 INFO o.a.j.JMeter: Default Locale=English (United States)
2025-02-04 20:04:06,154 INFO o.a.j.JMeter: JMeter  Locale=English (United States)
2025-02-04 20:04:06,154 INFO o.a.j.JMeter: JMeterHome=/home/marco/apache-jmeter-5.6.3
2025-02-04 20:04:06,154 INFO o.a.j.JMeter: user.dir  =/home/marco/Documents/SI2
2025-02-04 20:04:06,155 INFO o.a.j.JMeter: PWD       =/home/marco/Documents/SI2
2025-02-04 20:04:06,155 INFO o.a.j.JMeter: IP: 127.0.1.1 Name: marco-laptop FullName: marco-laptop
